#
# A fatal error has been detected by the Java Runtime Environment:
#
#  SIGSEGV (0xb) at pc=0x00007fbc253d3373, pid=5396, tid=0x00007fbc0fd58700
#
# JRE version: Java(TM) SE Runtime Environment (8.0_102-b14) (build 1.8.0_102-b14)
# Java VM: Java HotSpot(TM) 64-Bit Server VM (25.102-b14 mixed mode linux-amd64 compressed oops)
# Problematic frame:
# V  [libjvm.so+0x648373]  InstanceKlass::oop_follow_contents(ParCompactionManager*, oopDesc*)+0x4b3
#
# Failed to write core dump. Core dumps have been disabled. To enable core dumping, try "ulimit -c unlimited" before starting Java again
#
# If you would like to submit a bug report, please visit:
#   http://bugreport.java.com/bugreport/crash.jsp
#

---------------  T H R E A D  ---------------

Current thread (0x00007fbc20029800):  GCTaskThread [stack: 0x00007fbc0fc58000,0x00007fbc0fd59000] [id=5403]

siginfo: si_signo: 11 (SIGSEGV), si_code: 1 (SEGV_MAPERR), si_addr: 0x0000000000000030

Registers:
RAX=0x00007fbc25d1a6c0, RBX=0x00000000d5b8c060, RCX=0x0000000000000003, RDX=0x0000000000000001
RSP=0x00007fbc0fd577c0, RBP=0x00007fbc0fd57820, RSI=0x0000000000001000, RDI=0x0000000000000028
R8 =0x00000000f5b8c05c, R9 =0x0000000000000200, R10=0x0000000000000003, R11=0x00007fbc25d49c40
R12=0x00007fbc25d4dc60, R13=0x00000000f5b8c058, R14=0x00007fbc2007b7d0, R15=0x00007fbc2007b7d0
RIP=0x00007fbc253d3373, EFLAGS=0x0000000000010206, CSGSFS=0x002b000000000033, ERR=0x0000000000000004
  TRAPNO=0x000000000000000e

Top of Stack: (sp=0x00007fbc0fd577c0)
0x00007fbc0fd577c0:   00000000f5b8c03c 00000000f5b8c048
0x00007fbc0fd577d0:   0000000100082490 0000000100082498
0x00007fbc0fd577e0:   00007fbc0fd57860 00007fbc2007b810
0x00007fbc0fd577f0:   00000000f5055708 00007fbc25d49c40
0x00007fbc0fd57800:   00007fbc2007b7d0 0000000000000002
0x00007fbc0fd57810:   00007fbc2007b7d0 00000000f7d4d1ac
0x00007fbc0fd57820:   00007fbc0fd579b0 00007fbc257050a2
0x00007fbc0fd57830:   0000000086556940 00007fbc25d49c40
0x00007fbc0fd57840:   00007fbc2007b7e0 00007fbc0fd57960
0x00007fbc0fd57850:   00007fbc0fd57930 00007fbc0fd57910
0x00007fbc0fd57860:   00007fbc0fd57900 00007fbc0fd578f0
0x00007fbc0fd57870:   00007fbc0fd578e0 00007fbc0fd578d0
0x00007fbc0fd57880:   00007fbc25d3eb99 00007fbc2007b890
0x00007fbc0fd57890:   00000000f5055708 00007fbc0fd57950
0x00007fbc0fd578a0:   00007fbc0fd57940 00007fbc0fd57930
0x00007fbc0fd578b0:   0000000000000236 0000000000000236
0x00007fbc0fd578c0:   00007fbc2007b810 00007fbc0fd57978
0x00007fbc0fd578d0:   0000000088120858 00007fbc25d4ddd0
0x00007fbc0fd578e0:   00007fbc0fd57990 00007fbc2007bf20
0x00007fbc0fd578f0:   0000000000000225 0000000000000225
0x00007fbc0fd57900:   00007fbc2007b810 00007fbc0fd579b8
0x00007fbc0fd57910:   00000000f5055708 0000000000000200
0x00007fbc0fd57920:   00007fbc0fd579a0 00007fbc25717f5e
0x00007fbc0fd57930:   00000000f5ad9420 00007fbc25d4dc60
0x00007fbc0fd57940:   00007fbc0fd579b0 00007fbc253d31ff
0x00007fbc0fd57950:   00000000f50d00b4 00000000f50d0090
0x00007fbc0fd57960:   0000000100057c58 0000000100057c58
0x00007fbc0fd57970:   000002a80000009e 00000000f5b8c048
0x00007fbc0fd57980:   000000010000000c 0000000000000000
0x00007fbc0fd57990:   00007fbc2007b4a0 0000000000000002
0x00007fbc0fd579a0:   00007fbc2007b7d0 00000000f7d4d1ac
0x00007fbc0fd579b0:   00007fbc0fd57af0 00007fbc256eaf05 

Instructions: (pc=0x00007fbc253d3373)
0x00007fbc253d3353:   00 e9 09 fd ff ff 0f 1f 80 00 00 00 00 48 8b 05
0x00007fbc253d3363:   41 82 92 00 8b 7b 08 8b 48 08 48 d3 e7 48 03 38
0x00007fbc253d3373:   8b 77 08 83 fe 00 0f 8f 3e fe ff ff 74 6f 48 8b
0x00007fbc253d3383:   05 48 af 92 00 80 fa 01 48 19 d2 83 e2 04 48 63 

Register to memory mapping:

RAX=0x00007fbc25d1a6c0: <offset 0xf8f6c0> in /home/ashwinxd/Documents/Installations/jdk1.8.0_102/jre/lib/amd64/server/libjvm.so at 0x00007fbc24d8b000
RBX=0x00000000d5b8c060 is an unknown value
RCX=0x0000000000000003 is an unknown value
RDX=0x0000000000000001 is an unknown value
RSP=0x00007fbc0fd577c0 is an unknown value
RBP=0x00007fbc0fd57820 is an unknown value
RSI=0x0000000000001000 is an unknown value
RDI=0x0000000000000028 is an unknown value
R8 =0x00000000f5b8c05c is an unknown value
R9 =0x0000000000000200 is an unknown value
R10=0x0000000000000003 is an unknown value
R11=0x00007fbc25d49c40: <offset 0xfbec40> in /home/ashwinxd/Documents/Installations/jdk1.8.0_102/jre/lib/amd64/server/libjvm.so at 0x00007fbc24d8b000
R12=0x00007fbc25d4dc60: <offset 0xfc2c60> in /home/ashwinxd/Documents/Installations/jdk1.8.0_102/jre/lib/amd64/server/libjvm.so at 0x00007fbc24d8b000
R13=0x00000000f5b8c058 is an oop

[error occurred during error reporting (printing register info), id 0xb]

Stack: [0x00007fbc0fc58000,0x00007fbc0fd59000],  sp=0x00007fbc0fd577c0,  free space=1021k
Native frames: (J=compiled Java code, j=interpreted, Vv=VM code, C=native code)
V  [libjvm.so+0x648373]  InstanceKlass::oop_follow_contents(ParCompactionManager*, oopDesc*)+0x4b3
V  [libjvm.so+0x97a0a2]  ParCompactionManager::follow_marking_stacks()+0x232
V  [libjvm.so+0x95ff05]  StealMarkingTask::do_it(GCTaskManager*, unsigned int)+0x325
V  [libjvm.so+0x5d707f]  GCTaskThread::run()+0x12f
V  [libjvm.so+0x9249c8]  java_start(Thread*)+0x108


---------------  P R O C E S S  ---------------

Java Threads: ( => current thread )
  0x00007fbc201ae000 JavaThread "pool-2-thread-4" [_thread_blocked, id=5418, stack(0x00007fbc0cc40000,0x00007fbc0cd41000)]
  0x00007fbc201ac800 JavaThread "pool-2-thread-3" [_thread_blocked, id=5417, stack(0x00007fbc0cd41000,0x00007fbc0ce42000)]
  0x00007fbc201aa800 JavaThread "pool-2-thread-2" [_thread_blocked, id=5416, stack(0x00007fbc0ce42000,0x00007fbc0cf43000)]
  0x00007fbc2019e800 JavaThread "pool-3-thread-1" [_thread_blocked, id=5415, stack(0x00007fbc0cf43000,0x00007fbc0d044000)]
  0x00007fbc2019c000 JavaThread "pool-2-thread-1" [_thread_blocked, id=5414, stack(0x00007fbc0d044000,0x00007fbc0d145000)]
  0x00007fbc200c7000 JavaThread "Service Thread" daemon [_thread_blocked, id=5412, stack(0x00007fbc0d246000,0x00007fbc0d347000)]
  0x00007fbc200c4000 JavaThread "C1 CompilerThread2" daemon [_thread_blocked, id=5411, stack(0x00007fbc0d347000,0x00007fbc0d448000)]
  0x00007fbc200c2000 JavaThread "C2 CompilerThread1" daemon [_thread_blocked, id=5410, stack(0x00007fbc0d448000,0x00007fbc0d549000)]
  0x00007fbc200bf000 JavaThread "C2 CompilerThread0" daemon [_thread_in_native, id=5409, stack(0x00007fbc0d549000,0x00007fbc0d64a000)]
  0x00007fbc200bd800 JavaThread "Signal Dispatcher" daemon [_thread_blocked, id=5408, stack(0x00007fbc0d64a000,0x00007fbc0d74b000)]
  0x00007fbc2008b000 JavaThread "Finalizer" daemon [_thread_blocked, id=5407, stack(0x00007fbc0da24000,0x00007fbc0db25000)]
  0x00007fbc20086800 JavaThread "Reference Handler" daemon [_thread_blocked, id=5406, stack(0x00007fbc0db25000,0x00007fbc0dc26000)]
  0x00007fbc20010800 JavaThread "main" [_thread_blocked, id=5400, stack(0x00007fbc26872000,0x00007fbc26973000)]

Other Threads:
  0x00007fbc2007e800 VMThread [stack: 0x00007fbc0dc26000,0x00007fbc0dd27000] [id=5405]
  0x00007fbc200ca000 WatcherThread [stack: 0x00007fbc0d145000,0x00007fbc0d246000] [id=5413]

=>0x00007fbc20029800 (exited) GCTaskThread [stack: 0x00007fbc0fc58000,0x00007fbc0fd59000] [id=5403]

VM state:at safepoint (normal execution)

VM Mutex/Monitor currently owned by a thread:  ([mutex/lock_event])
[0x00007fbc2000ced0] Threads_lock - owner thread: 0x00007fbc2007e800
[0x00007fbc2000d3d0] Heap_lock - owner thread: 0x00007fbc201ae000

Heap:
 PSYoungGen      total 567808K, used 60389K [0x00000000d5580000, 0x0000000100000000, 0x0000000100000000)
  eden space 507392K, 0% used [0x00000000d5580000,0x00000000d5580000,0x00000000f4500000)
  from space 60416K, 99% used [0x00000000f4500000,0x00000000f7ff9648,0x00000000f8000000)
  to   space 102912K, 0% used [0x00000000f9b80000,0x00000000f9b80000,0x0000000100000000)
 ParOldGen       total 171008K, used 147923K [0x0000000080000000, 0x000000008a700000, 0x00000000d5580000)
  object space 171008K, 86% used [0x0000000080000000,0x0000000089074c08,0x000000008a700000)
 Metaspace       used 6528K, capacity 7256K, committed 7424K, reserved 1056768K
  class space    used 614K, capacity 656K, committed 768K, reserved 1048576K

Card table byte_map: [0x00007fbc10206000,0x00007fbc10607000] byte_map_base: 0x00007fbc0fe06000

Marking Bits: (ParMarkBitMap*) 0x00007fbc25d4dc60
 Begin Bits: [0x00007fbc04000000, 0x00007fbc06000000)
 End Bits:   [0x00007fbc06000000, 0x00007fbc08000000)

Polling page: 0x00007fbc2699a000

CodeCache: size=245760Kb used=10159Kb max_used=10182Kb free=235600Kb
 bounds [0x00007fbc109c7000, 0x00007fbc113c7000, 0x00007fbc1f9c7000]
 total_blobs=2605 nmethods=2336 adapters=182
 compilation: enabled

Compilation events (10 events):
Event: 6.070 Thread 0x00007fbc200c4000 2539       3       java.util.HashMap$TreeNode::find (172 bytes)
Event: 6.071 Thread 0x00007fbc200c4000 nmethod 2539 0x00007fbc1139e690 code [0x00007fbc1139e880, 0x00007fbc1139f398]
Event: 6.072 Thread 0x00007fbc200c4000 2540       2       com.android.dx.cf.direct.StdAttributeFactory::enclosingMethod (156 bytes)
Event: 6.074 Thread 0x00007fbc200c4000 nmethod 2540 0x00007fbc113b09d0 code [0x00007fbc113b0da0, 0x00007fbc113b2368]
Event: 6.147 Thread 0x00007fbc200c2000 nmethod 2493 0x00007fbc113b9950 code [0x00007fbc113b9dc0, 0x00007fbc113bdb78]
Event: 6.148 Thread 0x00007fbc200c2000 2509 %     4       com.android.dx.ssa.Dominators::run @ 89 (506 bytes)
Event: 6.154 Thread 0x00007fbc200c4000 2542       3       com.android.dx.util.Hex::u2 (44 bytes)
Event: 6.154 Thread 0x00007fbc200c4000 nmethod 2542 0x00007fbc1139db90 code [0x00007fbc1139dd40, 0x00007fbc1139e398]
Event: 6.162 Thread 0x00007fbc200c4000 2543       2       java.util.concurrent.ThreadPoolExecutor$CallerRunsPolicy::rejectedExecution (14 bytes)
Event: 6.162 Thread 0x00007fbc200c4000 nmethod 2543 0x00007fbc113a05d0 code [0x00007fbc113a0740, 0x00007fbc113a0908]

GC Heap History (10 events):
Event: 2.136 GC heap after
Heap after GC invocations=3 (full 0):
 PSYoungGen      total 139264K, used 10232K [0x00000000d5580000, 0x00000000e6580000, 0x0000000100000000)
  eden space 129024K, 0% used [0x00000000d5580000,0x00000000d5580000,0x00000000dd380000)
  from space 10240K, 99% used [0x00000000dd380000,0x00000000ddd7e220,0x00000000ddd80000)
  to   space 10240K, 0% used [0x00000000e5b80000,0x00000000e5b80000,0x00000000e6580000)
 ParOldGen       total 171008K, used 26428K [0x0000000080000000, 0x000000008a700000, 0x00000000d5580000)
  object space 171008K, 15% used [0x0000000080000000,0x00000000819cf330,0x000000008a700000)
 Metaspace       used 6193K, capacity 7128K, committed 7424K, reserved 1056768K
  class space    used 610K, capacity 656K, committed 768K, reserved 1048576K
}
Event: 2.558 GC heap before
{Heap before GC invocations=4 (full 0):
 PSYoungGen      total 139264K, used 139256K [0x00000000d5580000, 0x00000000e6580000, 0x0000000100000000)
  eden space 129024K, 100% used [0x00000000d5580000,0x00000000dd380000,0x00000000dd380000)
  from space 10240K, 99% used [0x00000000dd380000,0x00000000ddd7e220,0x00000000ddd80000)
  to   space 10240K, 0% used [0x00000000e5b80000,0x00000000e5b80000,0x00000000e6580000)
 ParOldGen       total 171008K, used 26428K [0x0000000080000000, 0x000000008a700000, 0x00000000d5580000)
  object space 171008K, 15% used [0x0000000080000000,0x00000000819cf330,0x000000008a700000)
 Metaspace       used 6313K, capacity 7192K, committed 7424K, reserved 1056768K
  class space    used 610K, capacity 656K, committed 768K, reserved 1048576K
Event: 2.608 GC heap after
Heap after GC invocations=4 (full 0):
 PSYoungGen      total 268288K, used 10214K [0x00000000d5580000, 0x00000000e6580000, 0x0000000100000000)
  eden space 258048K, 0% used [0x00000000d5580000,0x00000000d5580000,0x00000000e5180000)
  from space 10240K, 99% used [0x00000000e5b80000,0x00000000e6579a50,0x00000000e6580000)
  to   space 10240K, 0% used [0x00000000e5180000,0x00000000e5180000,0x00000000e5b80000)
 ParOldGen       total 171008K, used 46120K [0x0000000080000000, 0x000000008a700000, 0x00000000d5580000)
  object space 171008K, 26% used [0x0000000080000000,0x0000000082d0a000,0x000000008a700000)
 Metaspace       used 6313K, capacity 7192K, committed 7424K, reserved 1056768K
  class space    used 610K, capacity 656K, committed 768K, reserved 1048576K
}
Event: 3.459 GC heap before
{Heap before GC invocations=5 (full 0):
 PSYoungGen      total 268288K, used 268262K [0x00000000d5580000, 0x00000000e6580000, 0x0000000100000000)
  eden space 258048K, 100% used [0x00000000d5580000,0x00000000e5180000,0x00000000e5180000)
  from space 10240K, 99% used [0x00000000e5b80000,0x00000000e6579a50,0x00000000e6580000)
  to   space 10240K, 0% used [0x00000000e5180000,0x00000000e5180000,0x00000000e5b80000)
 ParOldGen       total 171008K, used 46120K [0x0000000080000000, 0x000000008a700000, 0x00000000d5580000)
  object space 171008K, 26% used [0x0000000080000000,0x0000000082d0a000,0x000000008a700000)
 Metaspace       used 6437K, capacity 7256K, committed 7424K, reserved 1056768K
  class space    used 610K, capacity 656K, committed 768K, reserved 1048576K
Event: 3.536 GC heap after
Heap after GC invocations=5 (full 0):
 PSYoungGen      total 268288K, used 10228K [0x00000000d5580000, 0x00000000fb280000, 0x0000000100000000)
  eden space 258048K, 0% used [0x00000000d5580000,0x00000000d5580000,0x00000000e5180000)
  from space 10240K, 99% used [0x00000000e5180000,0x00000000e5b7d2e0,0x00000000e5b80000)
  to   space 51712K, 0% used [0x00000000f8000000,0x00000000f8000000,0x00000000fb280000)
 ParOldGen       total 171008K, used 84371K [0x0000000080000000, 0x000000008a700000, 0x00000000d5580000)
  object space 171008K, 49% used [0x0000000080000000,0x0000000085264d20,0x000000008a700000)
 Metaspace       used 6437K, capacity 7256K, committed 7424K, reserved 1056768K
  class space    used 610K, capacity 656K, committed 768K, reserved 1048576K
}
Event: 4.448 GC heap before
{Heap before GC invocations=6 (full 0):
 PSYoungGen      total 268288K, used 268276K [0x00000000d5580000, 0x00000000fb280000, 0x0000000100000000)
  eden space 258048K, 100% used [0x00000000d5580000,0x00000000e5180000,0x00000000e5180000)
  from space 10240K, 99% used [0x00000000e5180000,0x00000000e5b7d2e0,0x00000000e5b80000)
  to   space 51712K, 0% used [0x00000000f8000000,0x00000000f8000000,0x00000000fb280000)
 ParOldGen       total 171008K, used 84371K [0x0000000080000000, 0x000000008a700000, 0x00000000d5580000)
  object space 171008K, 49% used [0x0000000080000000,0x0000000085264d20,0x000000008a700000)
 Metaspace       used 6460K, capacity 7256K, committed 7424K, reserved 1056768K
  class space    used 610K, capacity 656K, committed 768K, reserved 1048576K
Event: 4.575 GC heap after
Heap after GC invocations=6 (full 0):
 PSYoungGen      total 559104K, used 49180K [0x00000000d5580000, 0x00000000fc380000, 0x0000000100000000)
  eden space 507392K, 0% used [0x00000000d5580000,0x00000000d5580000,0x00000000f4500000)
  from space 51712K, 95% used [0x00000000f8000000,0x00000000fb0071b0,0x00000000fb280000)
  to   space 60416K, 0% used [0x00000000f4500000,0x00000000f4500000,0x00000000f8000000)
 ParOldGen       total 171008K, used 84371K [0x0000000080000000, 0x000000008a700000, 0x00000000d5580000)
  object space 171008K, 49% used [0x0000000080000000,0x0000000085264d20,0x000000008a700000)
 Metaspace       used 6460K, capacity 7256K, committed 7424K, reserved 1056768K
  class space    used 610K, capacity 656K, committed 768K, reserved 1048576K
}
Event: 6.164 GC heap before
{Heap before GC invocations=7 (full 0):
 PSYoungGen      total 559104K, used 556572K [0x00000000d5580000, 0x00000000fc380000, 0x0000000100000000)
  eden space 507392K, 100% used [0x00000000d5580000,0x00000000f4500000,0x00000000f4500000)
  from space 51712K, 95% used [0x00000000f8000000,0x00000000fb0071b0,0x00000000fb280000)
  to   space 60416K, 0% used [0x00000000f4500000,0x00000000f4500000,0x00000000f8000000)
 ParOldGen       total 171008K, used 84371K [0x0000000080000000, 0x000000008a700000, 0x00000000d5580000)
  object space 171008K, 49% used [0x0000000080000000,0x0000000085264d20,0x000000008a700000)
 Metaspace       used 6528K, capacity 7256K, committed 7424K, reserved 1056768K
  class space    used 614K, capacity 656K, committed 768K, reserved 1048576K
Event: 6.375 GC heap after
Heap after GC invocations=7 (full 0):
 PSYoungGen      total 567808K, used 60389K [0x00000000d5580000, 0x0000000100000000, 0x0000000100000000)
  eden space 507392K, 0% used [0x00000000d5580000,0x00000000d5580000,0x00000000f4500000)
  from space 60416K, 99% used [0x00000000f4500000,0x00000000f7ff9648,0x00000000f8000000)
  to   space 102912K, 0% used [0x00000000f9b80000,0x00000000f9b80000,0x0000000100000000)
 ParOldGen       total 171008K, used 147923K [0x0000000080000000, 0x000000008a700000, 0x00000000d5580000)
  object space 171008K, 86% used [0x0000000080000000,0x0000000089074c08,0x000000008a700000)
 Metaspace       used 6528K, capacity 7256K, committed 7424K, reserved 1056768K
  class space    used 614K, capacity 656K, committed 768K, reserved 1048576K
}
Event: 6.375 GC heap before
{Heap before GC invocations=8 (full 1):
 PSYoungGen      total 567808K, used 60389K [0x00000000d5580000, 0x0000000100000000, 0x0000000100000000)
  eden space 507392K, 0% used [0x00000000d5580000,0x00000000d5580000,0x00000000f4500000)
  from space 60416K, 99% used [0x00000000f4500000,0x00000000f7ff9648,0x00000000f8000000)
  to   space 102912K, 0% used [0x00000000f9b80000,0x00000000f9b80000,0x0000000100000000)
 ParOldGen       total 171008K, used 147923K [0x0000000080000000, 0x000000008a700000, 0x00000000d5580000)
  object space 171008K, 86% used [0x0000000080000000,0x0000000089074c08,0x000000008a700000)
 Metaspace       used 6528K, capacity 7256K, committed 7424K, reserved 1056768K
  class space    used 614K, capacity 656K, committed 768K, reserved 1048576K

Deoptimization events (10 events):
Event: 2.746 Thread 0x00007fbc201ac800 Uncommon trap: reason=bimorphic action=maybe_recompile pc=0x00007fbc111447b0 method=com.android.dx.rop.code.RegisterSpec.withSimpleType()Lcom/android/dx/rop/code/RegisterSpec; @ 21
Event: 2.870 Thread 0x00007fbc201ae000 Uncommon trap: reason=bimorphic action=maybe_recompile pc=0x00007fbc111447b0 method=com.android.dx.rop.code.RegisterSpec.withSimpleType()Lcom/android/dx/rop/code/RegisterSpec; @ 21
Event: 2.872 Thread 0x00007fbc201ae000 Uncommon trap: reason=bimorphic action=maybe_recompile pc=0x00007fbc111447b0 method=com.android.dx.rop.code.RegisterSpec.withSimpleType()Lcom/android/dx/rop/code/RegisterSpec; @ 21
Event: 2.876 Thread 0x00007fbc2019c000 Uncommon trap: reason=bimorphic action=maybe_recompile pc=0x00007fbc111447b0 method=com.android.dx.rop.code.RegisterSpec.withSimpleType()Lcom/android/dx/rop/code/RegisterSpec; @ 21
Event: 3.381 Thread 0x00007fbc201ae000 Uncommon trap: reason=unstable_if action=reinterpret pc=0x00007fbc11206984 method=com.android.dx.cf.code.BaseMachine.getLocalTarget(Z)Lcom/android/dx/rop/code/RegisterSpec; @ 131
Event: 3.452 Thread 0x00007fbc20010800 Uncommon trap: reason=unstable_if action=reinterpret pc=0x00007fbc1120f2b8 method=com.android.dx.rop.code.RegisterSpec.intersect(Lcom/android/dx/rop/code/RegisterSpec;Z)Lcom/android/dx/rop/code/RegisterSpec; @ 42
Event: 4.659 Thread 0x00007fbc201ac800 Uncommon trap: reason=unstable_if action=reinterpret pc=0x00007fbc112b84d0 method=com.android.dx.rop.code.LocalVariableInfo.mergeStarts(ILcom/android/dx/rop/code/RegisterSpecSet;)Z @ 31
Event: 4.730 Thread 0x00007fbc201ae000 Uncommon trap: reason=unstable_if action=reinterpret pc=0x00007fbc1118c958 method=com.android.dx.ssa.SCCP.simulateStmt(Lcom/android/dx/ssa/SsaInsn;)V @ 435
Event: 4.881 Thread 0x00007fbc20010800 Uncommon trap: reason=unstable_if action=reinterpret pc=0x00007fbc1114f3bc method=com.android.dx.rop.cst.CstNat.equals(Ljava/lang/Object;)Z @ 25
Event: 5.965 Thread 0x00007fbc2019c000 Uncommon trap: reason=unstable_if action=reinterpret pc=0x00007fbc11363c20 method=com.android.dx.cf.code.Merger.isPossiblyAssignableFrom(Lcom/android/dx/rop/type/TypeBearer;Lcom/android/dx/rop/type/TypeBearer;)Z @ 131

Internal exceptions (7 events):
Event: 0.021 Thread 0x00007fbc20010800 Exception <a 'java/lang/NoSuchMethodError': Method sun.misc.Unsafe.defineClass(Ljava/lang/String;[BII)Ljava/lang/Class; name or signature does not match> (0x00000000d5587c78) thrown at [/HUDSON3/workspace/8-2-build-linux-amd64/jdk8u102/7268/hotspot/src/sh
Event: 0.021 Thread 0x00007fbc20010800 Exception <a 'java/lang/NoSuchMethodError': Method sun.misc.Unsafe.prefetchRead(Ljava/lang/Object;J)V name or signature does not match> (0x00000000d5587f60) thrown at [/HUDSON3/workspace/8-2-build-linux-amd64/jdk8u102/7268/hotspot/src/share/vm/prims/jni.c
Event: 0.655 Thread 0x00007fbc20010800 Implicit null exception at 0x00007fbc10c6b4c5 to 0x00007fbc10c6dda9
Event: 0.811 Thread 0x00007fbc2019c000 Implicit null exception at 0x00007fbc10cc1872 to 0x00007fbc10cc4339
Event: 1.112 Thread 0x00007fbc201ac800 Exception <a 'java/lang/ArrayIndexOutOfBoundsException': 18> (0x00000000d6dc9cd0) thrown at [/HUDSON3/workspace/8-2-build-linux-amd64/jdk8u102/7268/hotspot/src/share/vm/interpreter/interpreterRuntime.cpp, line 366]
Event: 1.113 Thread 0x00007fbc201ac800 Exception <a 'java/lang/ArrayIndexOutOfBoundsException': 145> (0x00000000d6f481c0) thrown at [/HUDSON3/workspace/8-2-build-linux-amd64/jdk8u102/7268/hotspot/src/share/vm/interpreter/interpreterRuntime.cpp, line 366]
Event: 1.113 Thread 0x00007fbc201ac800 Exception <a 'java/lang/ArrayIndexOutOfBoundsException': 40> (0x00000000d6f494a8) thrown at [/HUDSON3/workspace/8-2-build-linux-amd64/jdk8u102/7268/hotspot/src/share/vm/interpreter/interpreterRuntime.cpp, line 366]

Events (10 events):
Event: 5.947 Thread 0x00007fbc20010800 DEOPT PACKING pc=0x00007fbc10f9f961 sp=0x00007fbc26970940
Event: 5.947 Thread 0x00007fbc20010800 DEOPT UNPACKING pc=0x00007fbc10a0e633 sp=0x00007fbc26970650 mode 0
Event: 5.965 Thread 0x00007fbc2019c000 Uncommon trap: trap_request=0xffffff65 fr.pc=0x00007fbc11363c20
Event: 5.965 Thread 0x00007fbc2019c000 DEOPT PACKING pc=0x00007fbc11363c20 sp=0x00007fbc0d142300
Event: 5.965 Thread 0x00007fbc2019c000 DEOPT UNPACKING pc=0x00007fbc109cc229 sp=0x00007fbc0d1421d8 mode 2
Event: 5.968 Thread 0x00007fbc201aa800 DEOPT PACKING pc=0x00007fbc10eaf222 sp=0x00007fbc0cf40be0
Event: 5.968 Thread 0x00007fbc201aa800 DEOPT UNPACKING pc=0x00007fbc10a0e633 sp=0x00007fbc0cf40a40 mode 0
Event: 6.037 Thread 0x00007fbc201aa800 DEOPT PACKING pc=0x00007fbc10eaf222 sp=0x00007fbc0cf40e00
Event: 6.037 Thread 0x00007fbc201aa800 DEOPT UNPACKING pc=0x00007fbc10a0e633 sp=0x00007fbc0cf40c60 mode 0
Event: 6.162 Executing VM operation: ParallelGCFailedAllocation


Dynamic libraries:
00400000-00401000 r-xp 00000000 08:02 9178295                            /home/ashwinxd/Documents/Installations/jdk1.8.0_102/bin/java
00600000-00601000 rw-p 00000000 08:02 9178295                            /home/ashwinxd/Documents/Installations/jdk1.8.0_102/bin/java
00cfd000-00d1e000 rw-p 00000000 00:00 0                                  [heap]
80000000-8a700000 rw-p 00000000 00:00 0 
8a700000-d5580000 ---p 00000000 00:00 0 
d5580000-100000000 rw-p 00000000 00:00 0 
100000000-1000c0000 rw-p 00000000 00:00 0 
1000c0000-140000000 ---p 00000000 00:00 0 
7fbbb8000000-7fbbb8021000 rw-p 00000000 00:00 0 
7fbbb8021000-7fbbbc000000 ---p 00000000 00:00 0 
7fbbc0000000-7fbbc002a000 rw-p 00000000 00:00 0 
7fbbc002a000-7fbbc4000000 ---p 00000000 00:00 0 
7fbbc4000000-7fbbc4026000 rw-p 00000000 00:00 0 
7fbbc4026000-7fbbc8000000 ---p 00000000 00:00 0 
7fbbc8000000-7fbbc8029000 rw-p 00000000 00:00 0 
7fbbc8029000-7fbbcc000000 ---p 00000000 00:00 0 
7fbbcc000000-7fbbcc021000 rw-p 00000000 00:00 0 
7fbbcc021000-7fbbd0000000 ---p 00000000 00:00 0 
7fbbd0000000-7fbbd0021000 rw-p 00000000 00:00 0 
7fbbd0021000-7fbbd4000000 ---p 00000000 00:00 0 
7fbbd4000000-7fbbd4021000 rw-p 00000000 00:00 0 
7fbbd4021000-7fbbd8000000 ---p 00000000 00:00 0 
7fbbd8000000-7fbbd8f53000 rw-p 00000000 00:00 0 
7fbbd8f53000-7fbbdc000000 ---p 00000000 00:00 0 
7fbbdc000000-7fbbdcced000 rw-p 00000000 00:00 0 
7fbbdcced000-7fbbe0000000 ---p 00000000 00:00 0 
7fbbe0000000-7fbbe0021000 rw-p 00000000 00:00 0 
7fbbe0021000-7fbbe4000000 ---p 00000000 00:00 0 
7fbbe4000000-7fbbe4d3d000 rw-p 00000000 00:00 0 
7fbbe4d3d000-7fbbe8000000 ---p 00000000 00:00 0 
7fbbe8000000-7fbbe8021000 rw-p 00000000 00:00 0 
7fbbe8021000-7fbbec000000 ---p 00000000 00:00 0 
7fbbec000000-7fbbec021000 rw-p 00000000 00:00 0 
7fbbec021000-7fbbf0000000 ---p 00000000 00:00 0 
7fbbf0000000-7fbbf0021000 rw-p 00000000 00:00 0 
7fbbf0021000-7fbbf4000000 ---p 00000000 00:00 0 
7fbbf4000000-7fbbf4021000 rw-p 00000000 00:00 0 
7fbbf4021000-7fbbf8000000 ---p 00000000 00:00 0 
7fbbf8000000-7fbbf8291000 rw-p 00000000 00:00 0 
7fbbf8291000-7fbbfc000000 ---p 00000000 00:00 0 
7fbc00000000-7fbc00021000 rw-p 00000000 00:00 0 
7fbc00021000-7fbc04000000 ---p 00000000 00:00 0 
7fbc04000000-7fbc08000000 rw-p 00000000 00:00 0 
7fbc08000000-7fbc08021000 rw-p 00000000 00:00 0 
7fbc08021000-7fbc0c000000 ---p 00000000 00:00 0 
7fbc0cc40000-7fbc0cc43000 ---p 00000000 00:00 0 
7fbc0cc43000-7fbc0cd41000 rw-p 00000000 00:00 0 
7fbc0cd41000-7fbc0cd44000 ---p 00000000 00:00 0 
7fbc0cd44000-7fbc0ce42000 rw-p 00000000 00:00 0 
7fbc0ce42000-7fbc0ce45000 ---p 00000000 00:00 0 
7fbc0ce45000-7fbc0cf43000 rw-p 00000000 00:00 0 
7fbc0cf43000-7fbc0cf46000 ---p 00000000 00:00 0 
7fbc0cf46000-7fbc0d044000 rw-p 00000000 00:00 0 
7fbc0d044000-7fbc0d047000 ---p 00000000 00:00 0 
7fbc0d047000-7fbc0d145000 rw-p 00000000 00:00 0 
7fbc0d145000-7fbc0d146000 ---p 00000000 00:00 0 
7fbc0d146000-7fbc0d246000 rw-p 00000000 00:00 0 
7fbc0d246000-7fbc0d249000 ---p 00000000 00:00 0 
7fbc0d249000-7fbc0d347000 rw-p 00000000 00:00 0 
7fbc0d347000-7fbc0d34a000 ---p 00000000 00:00 0 
7fbc0d34a000-7fbc0d448000 rw-p 00000000 00:00 0 
7fbc0d448000-7fbc0d44b000 ---p 00000000 00:00 0 
7fbc0d44b000-7fbc0d549000 rw-p 00000000 00:00 0 
7fbc0d549000-7fbc0d54c000 ---p 00000000 00:00 0 
7fbc0d54c000-7fbc0d64a000 rw-p 00000000 00:00 0 
7fbc0d64a000-7fbc0d64d000 ---p 00000000 00:00 0 
7fbc0d64d000-7fbc0d74b000 rw-p 00000000 00:00 0 
7fbc0d74b000-7fbc0da24000 r--p 00000000 08:02 6161744                    /usr/lib/locale/locale-archive
7fbc0da24000-7fbc0da27000 ---p 00000000 00:00 0 
7fbc0da27000-7fbc0db25000 rw-p 00000000 00:00 0 
7fbc0db25000-7fbc0db28000 ---p 00000000 00:00 0 
7fbc0db28000-7fbc0dc26000 rw-p 00000000 00:00 0 
7fbc0dc26000-7fbc0dc27000 ---p 00000000 00:00 0 
7fbc0dc27000-7fbc0ed09000 rw-p 00000000 00:00 0 
7fbc0ed09000-7fbc0eee1000 r--s 03d29000 08:02 9178371                    /home/ashwinxd/Documents/Installations/jdk1.8.0_102/jre/lib/rt.jar
7fbc0eee1000-7fbc0f5d7000 rw-p 00000000 00:00 0 
7fbc0f5d7000-7fbc0f757000 ---p 00000000 00:00 0 
7fbc0f757000-7fbc0fb57000 rw-p 00000000 00:00 0 
7fbc0fb57000-7fbc0fb58000 ---p 00000000 00:00 0 
7fbc0fb58000-7fbc0fc58000 rw-p 00000000 00:00 0 
7fbc0fc58000-7fbc0fc59000 ---p 00000000 00:00 0 
7fbc0fc59000-7fbc0fd59000 rw-p 00000000 00:00 0 
7fbc0fd59000-7fbc0fd5a000 ---p 00000000 00:00 0 
7fbc0fd5a000-7fbc0fe5a000 rw-p 00000000 00:00 0 
7fbc0fe5a000-7fbc0fe5b000 ---p 00000000 00:00 0 
7fbc0fe5b000-7fbc0ffaf000 rw-p 00000000 00:00 0 
7fbc0ffaf000-7fbc10206000 ---p 00000000 00:00 0 
7fbc10206000-7fbc1025a000 rw-p 00000000 00:00 0 
7fbc1025a000-7fbc104b0000 ---p 00000000 00:00 0 
7fbc104b0000-7fbc10606000 rw-p 00000000 00:00 0 
7fbc10606000-7fbc1062f000 rw-p 00000000 00:00 0 
7fbc1062f000-7fbc109c7000 ---p 00000000 00:00 0 
7fbc109c7000-7fbc113c7000 rwxp 00000000 00:00 0 
7fbc113c7000-7fbc1f9c7000 ---p 00000000 00:00 0 
7fbc1f9c7000-7fbc1f9e1000 r-xp 00000000 08:02 9178402                    /home/ashwinxd/Documents/Installations/jdk1.8.0_102/jre/lib/amd64/libzip.so
7fbc1f9e1000-7fbc1fbe1000 ---p 0001a000 08:02 9178402                    /home/ashwinxd/Documents/Installations/jdk1.8.0_102/jre/lib/amd64/libzip.so
7fbc1fbe1000-7fbc1fbe2000 rw-p 0001a000 08:02 9178402                    /home/ashwinxd/Documents/Installations/jdk1.8.0_102/jre/lib/amd64/libzip.so
7fbc1fbe2000-7fbc1fbed000 r-xp 00000000 08:02 12715007                   /lib/x86_64-linux-gnu/libnss_files-2.24.so
7fbc1fbed000-7fbc1fdec000 ---p 0000b000 08:02 12715007                   /lib/x86_64-linux-gnu/libnss_files-2.24.so
7fbc1fdec000-7fbc1fded000 r--p 0000a000 08:02 12715007                   /lib/x86_64-linux-gnu/libnss_files-2.24.so
7fbc1fded000-7fbc1fdee000 rw-p 0000b000 08:02 12715007                   /lib/x86_64-linux-gnu/libnss_files-2.24.so
7fbc1fdee000-7fbc1fdf4000 rw-p 00000000 00:00 0 
7fbc1fdf4000-7fbc1fdff000 r-xp 00000000 08:02 12715072                   /lib/x86_64-linux-gnu/libnss_nis-2.24.so
7fbc1fdff000-7fbc1fffe000 ---p 0000b000 08:02 12715072                   /lib/x86_64-linux-gnu/libnss_nis-2.24.so
7fbc1fffe000-7fbc1ffff000 r--p 0000a000 08:02 12715072                   /lib/x86_64-linux-gnu/libnss_nis-2.24.so
7fbc1ffff000-7fbc20000000 rw-p 0000b000 08:02 12715072                   /lib/x86_64-linux-gnu/libnss_nis-2.24.so
7fbc20000000-7fbc203ff000 rw-p 00000000 00:00 0 
7fbc203ff000-7fbc24000000 ---p 00000000 00:00 0 
7fbc24005000-7fbc2401d000 r--s 000fc000 08:02 5511553                    /home/ashwinxd/.gradle/caches/modules-2/files-2.1/io.reactivex/rxjava/1.2.0/42bfaf64c94f3848ebf5cf1c2ea4ec9d1b3ac6c8/rxjava-1.2.0.jar
7fbc2401d000-7fbc24033000 r-xp 00000000 08:02 12714993                   /lib/x86_64-linux-gnu/libnsl-2.24.so
7fbc24033000-7fbc24232000 ---p 00016000 08:02 12714993                   /lib/x86_64-linux-gnu/libnsl-2.24.so
7fbc24232000-7fbc24233000 r--p 00015000 08:02 12714993                   /lib/x86_64-linux-gnu/libnsl-2.24.so
7fbc24233000-7fbc24234000 rw-p 00016000 08:02 12714993                   /lib/x86_64-linux-gnu/libnsl-2.24.so
7fbc24234000-7fbc24236000 rw-p 00000000 00:00 0 
7fbc24236000-7fbc2423e000 r-xp 00000000 08:02 12714998                   /lib/x86_64-linux-gnu/libnss_compat-2.24.so
7fbc2423e000-7fbc2443d000 ---p 00008000 08:02 12714998                   /lib/x86_64-linux-gnu/libnss_compat-2.24.so
7fbc2443d000-7fbc2443e000 r--p 00007000 08:02 12714998                   /lib/x86_64-linux-gnu/libnss_compat-2.24.so
7fbc2443e000-7fbc2443f000 rw-p 00008000 08:02 12714998                   /lib/x86_64-linux-gnu/libnss_compat-2.24.so
7fbc2443f000-7fbc24469000 r-xp 00000000 08:02 9178429                    /home/ashwinxd/Documents/Installations/jdk1.8.0_102/jre/lib/amd64/libjava.so
7fbc24469000-7fbc24669000 ---p 0002a000 08:02 9178429                    /home/ashwinxd/Documents/Installations/jdk1.8.0_102/jre/lib/amd64/libjava.so
7fbc24669000-7fbc2466b000 rw-p 0002a000 08:02 9178429                    /home/ashwinxd/Documents/Installations/jdk1.8.0_102/jre/lib/amd64/libjava.so
7fbc2466b000-7fbc24678000 r-xp 00000000 08:02 9178380                    /home/ashwinxd/Documents/Installations/jdk1.8.0_102/jre/lib/amd64/libverify.so
7fbc24678000-7fbc24878000 ---p 0000d000 08:02 9178380                    /home/ashwinxd/Documents/Installations/jdk1.8.0_102/jre/lib/amd64/libverify.so
7fbc24878000-7fbc2487a000 rw-p 0000d000 08:02 9178380                    /home/ashwinxd/Documents/Installations/jdk1.8.0_102/jre/lib/amd64/libverify.so
7fbc2487a000-7fbc24881000 r-xp 00000000 08:02 12715096                   /lib/x86_64-linux-gnu/librt-2.24.so
7fbc24881000-7fbc24a80000 ---p 00007000 08:02 12715096                   /lib/x86_64-linux-gnu/librt-2.24.so
7fbc24a80000-7fbc24a81000 r--p 00006000 08:02 12715096                   /lib/x86_64-linux-gnu/librt-2.24.so
7fbc24a81000-7fbc24a82000 rw-p 00007000 08:02 12715096                   /lib/x86_64-linux-gnu/librt-2.24.so
7fbc24a82000-7fbc24b8a000 r-xp 00000000 08:02 12714984                   /lib/x86_64-linux-gnu/libm-2.24.so
7fbc24b8a000-7fbc24d89000 ---p 00108000 08:02 12714984                   /lib/x86_64-linux-gnu/libm-2.24.so
7fbc24d89000-7fbc24d8a000 r--p 00107000 08:02 12714984                   /lib/x86_64-linux-gnu/libm-2.24.so
7fbc24d8a000-7fbc24d8b000 rw-p 00108000 08:02 12714984                   /lib/x86_64-linux-gnu/libm-2.24.so
7fbc24d8b000-7fbc25a57000 r-xp 00000000 08:02 9178433                    /home/ashwinxd/Documents/Installations/jdk1.8.0_102/jre/lib/amd64/server/libjvm.so
7fbc25a57000-7fbc25c57000 ---p 00ccc000 08:02 9178433                    /home/ashwinxd/Documents/Installations/jdk1.8.0_102/jre/lib/amd64/server/libjvm.so
7fbc25c57000-7fbc25d30000 rw-p 00ccc000 08:02 9178433                    /home/ashwinxd/Documents/Installations/jdk1.8.0_102/jre/lib/amd64/server/libjvm.so
7fbc25d30000-7fbc25d7b000 rw-p 00000000 00:00 0 
7fbc25d7b000-7fbc25f38000 r-xp 00000000 08:02 12714958                   /lib/x86_64-linux-gnu/libc-2.24.so
7fbc25f38000-7fbc26138000 ---p 001bd000 08:02 12714958                   /lib/x86_64-linux-gnu/libc-2.24.so
7fbc26138000-7fbc2613c000 r--p 001bd000 08:02 12714958                   /lib/x86_64-linux-gnu/libc-2.24.so
7fbc2613c000-7fbc2613e000 rw-p 001c1000 08:02 12714958                   /lib/x86_64-linux-gnu/libc-2.24.so
7fbc2613e000-7fbc26142000 rw-p 00000000 00:00 0 
7fbc26142000-7fbc26145000 r-xp 00000000 08:02 12714980                   /lib/x86_64-linux-gnu/libdl-2.24.so
7fbc26145000-7fbc26344000 ---p 00003000 08:02 12714980                   /lib/x86_64-linux-gnu/libdl-2.24.so
7fbc26344000-7fbc26345000 r--p 00002000 08:02 12714980                   /lib/x86_64-linux-gnu/libdl-2.24.so
7fbc26345000-7fbc26346000 rw-p 00003000 08:02 12714980                   /lib/x86_64-linux-gnu/libdl-2.24.so
7fbc26346000-7fbc2635b000 r-xp 00000000 08:02 9177514                    /home/ashwinxd/Documents/Installations/jdk1.8.0_102/lib/amd64/jli/libjli.so
7fbc2635b000-7fbc2655b000 ---p 00015000 08:02 9177514                    /home/ashwinxd/Documents/Installations/jdk1.8.0_102/lib/amd64/jli/libjli.so
7fbc2655b000-7fbc2655c000 rw-p 00015000 08:02 9177514                    /home/ashwinxd/Documents/Installations/jdk1.8.0_102/lib/amd64/jli/libjli.so
7fbc2655c000-7fbc26574000 r-xp 00000000 08:02 12715085                   /lib/x86_64-linux-gnu/libpthread-2.24.so
7fbc26574000-7fbc26774000 ---p 00018000 08:02 12715085                   /lib/x86_64-linux-gnu/libpthread-2.24.so
7fbc26774000-7fbc26775000 r--p 00018000 08:02 12715085                   /lib/x86_64-linux-gnu/libpthread-2.24.so
7fbc26775000-7fbc26776000 rw-p 00019000 08:02 12715085                   /lib/x86_64-linux-gnu/libpthread-2.24.so
7fbc26776000-7fbc2677a000 rw-p 00000000 00:00 0 
7fbc2677a000-7fbc2679f000 r-xp 00000000 08:02 12714935                   /lib/x86_64-linux-gnu/ld-2.24.so
7fbc267a6000-7fbc26872000 rw-p 00000000 00:00 0 
7fbc26872000-7fbc26875000 ---p 00000000 00:00 0 
7fbc26875000-7fbc26975000 rw-p 00000000 00:00 0 
7fbc26983000-7fbc26991000 r--s 000e0000 08:02 5515014                    /home/ashwinxd/Android/Sdk/build-tools/25.0.0/lib/dx.jar
7fbc26991000-7fbc26999000 rw-s 00000000 08:02 5518729                    /tmp/hsperfdata_ashwinxd/5396
7fbc26999000-7fbc2699a000 rw-p 00000000 00:00 0 
7fbc2699a000-7fbc2699b000 ---p 00000000 00:00 0 
7fbc2699b000-7fbc2699e000 rw-p 00000000 00:00 0 
7fbc2699e000-7fbc2699f000 r--p 00024000 08:02 12714935                   /lib/x86_64-linux-gnu/ld-2.24.so
7fbc2699f000-7fbc269a0000 rw-p 00025000 08:02 12714935                   /lib/x86_64-linux-gnu/ld-2.24.so
7fbc269a0000-7fbc269a1000 rw-p 00000000 00:00 0 
7ffd48244000-7ffd48268000 rw-p 00000000 00:00 0                          [stack]
7ffd48301000-7ffd48303000 r--p 00000000 00:00 0                          [vvar]
7ffd48303000-7ffd48305000 r-xp 00000000 00:00 0                          [vdso]
ffffffffff600000-ffffffffff601000 r-xp 00000000 00:00 0                  [vsyscall]

VM Arguments:
jvm_args: -Djava.awt.headless=true -Xmx2048M -Dfile.encoding=UTF-8 -Duser.country=IN -Duser.language=en -Duser.variant 
java_command: com.android.dx.command.Main --dex --force-jumbo --num-threads=4 --multi-dex --output /home/ashwinxd/Documents/Git Repo/TimeLapse/app/build/intermediates/transforms/dex/debug/folders/1000/1f/main /home/ashwinxd/.gradle/caches/modules-2/files-2.1/com.squareup.retrofit2/converter-jackson/2.2.0/a8565d80d994f312b4f146de4d75f7626416a1f0/converter-jackson-2.2.0.jar /home/ashwinxd/Documents/Git Repo/TimeLapse/app/build/intermediates/exploded-aar/com.android.support/support-vector-drawable/24.2.1/jars/classes.jar /home/ashwinxd/Documents/Git Repo/TimeLapse/app/build/intermediates/exploded-aar/com.google.android.gms/play-services-wearable/10.2.1/jars/classes.jar /home/ashwinxd/Documents/Git Repo/TimeLapse/app/build/intermediates/exploded-aar/com.google.android.gms/play-services-vision/10.2.1/jars/classes.jar /home/ashwinxd/Documents/Git Repo/TimeLapse/app/build/intermediates/exploded-aar/com.android.support/support-core-ui/24.2.1/jars/libs/internal_impl-24.2.1.jar /home/ashwinxd/Documents/Git Repo/TimeLapse/app/build/intermediates/exploded-aar/com.android.support/support-fragment/24.2.1/jars/libs/internal_impl-24.2.1.jar /home/ashwinxd/.gradle/caches/modules-2/files-2.1/com.maxmind.geoip2/geoip2/2.8.1/9fc61e0e7fa1023d6764358788c4721d6629d50e/geoip2-2.8.1.jar /home/ashwinxd/Documents/Git Repo/TimeLapse/app/build/intermediates/exploded-aar/io.reactivex/rxandroid/1.2.1/jars/classes.jar /home/ashwinxd/.gradle/caches/modules-2/files-2.1/com.fasterxml.jackson.core/jackson-databind/2.8.7/6c3257ef458ac58a8da69a6dca3d2a15286d88c8/jackson-databind-2.8.7.jar /home/ashwinxd/Documents/Git Repo/TimeLapse/app/build/intermediates/exploded-aar/com.google.android.gms/play-services-wallet/10.2.1/jars/classes.jar /home/ashwinxd/Documents/Git Repo/TimeLapse/app/build/intermediates/classes/debug /home/ashwinxd/Documents/Git Repo/TimeLapse/app/build/intermediates/exploded-aar/com.google.android.gms/play-services-base/10.2.1/jars/classes.jar /home/ashwinxd/Documents/Git Repo/TimeLaps
java_class_path (initial): /home/ashwinxd/Android/Sdk/build-tools/25.0.0/lib/dx.jar
Launcher Type: SUN_STANDARD

Environment Variables:
PATH=/usr/local/sbin:/usr/local/bin:/usr/sbin:/usr/bin:/sbin:/bin:/usr/games:/usr/local/games:/snap/bin:/home/ashwinxd/.local/bin
USERNAME=ashwinxd
LD_LIBRARY_PATH=/home/ashwinxd/Documents/Installations/android-studio/bin:
SHELL=/bin/bash
DISPLAY=:0

Signal Handlers:
SIGSEGV: [libjvm.so+0xac5b30], sa_mask[0]=11111111011111111101111111111110, sa_flags=SA_RESTART|SA_SIGINFO
SIGBUS: [libjvm.so+0xac5b30], sa_mask[0]=11111111011111111101111111111110, sa_flags=SA_RESTART|SA_SIGINFO
SIGFPE: [libjvm.so+0x91f470], sa_mask[0]=11111111011111111101111111111110, sa_flags=SA_RESTART|SA_SIGINFO
SIGPIPE: [libjvm.so+0x91f470], sa_mask[0]=11111111011111111101111111111110, sa_flags=SA_RESTART|SA_SIGINFO
SIGXFSZ: [libjvm.so+0x91f470], sa_mask[0]=11111111011111111101111111111110, sa_flags=SA_RESTART|SA_SIGINFO
SIGILL: [libjvm.so+0x91f470], sa_mask[0]=11111111011111111101111111111110, sa_flags=SA_RESTART|SA_SIGINFO
SIGUSR1: SIG_DFL, sa_mask[0]=00000000000000000000000000000000, sa_flags=none
SIGUSR2: [libjvm.so+0x920aa0], sa_mask[0]=00100000000000000000000000000000, sa_flags=SA_RESTART|SA_SIGINFO
SIGHUP: [libjvm.so+0x921ea0], sa_mask[0]=11111111011111111101111111111110, sa_flags=SA_RESTART|SA_SIGINFO
SIGINT: [libjvm.so+0x921ea0], sa_mask[0]=11111111011111111101111111111110, sa_flags=SA_RESTART|SA_SIGINFO
SIGTERM: [libjvm.so+0x921ea0], sa_mask[0]=11111111011111111101111111111110, sa_flags=SA_RESTART|SA_SIGINFO
SIGQUIT: [libjvm.so+0x921ea0], sa_mask[0]=11111111011111111101111111111110, sa_flags=SA_RESTART|SA_SIGINFO


---------------  S Y S T E M  ---------------

OS:DISTRIB_ID=Ubuntu
DISTRIB_RELEASE=16.10
DISTRIB_CODENAME=yakkety
DISTRIB_DESCRIPTION="Ubuntu 16.10"

uname:Linux 4.8.0-46-generic #49-Ubuntu SMP Fri Mar 31 13:57:14 UTC 2017 x86_64
libc:glibc 2.24 NPTL 2.24 
rlimit: STACK 8192k, CORE 0k, NPROC 62710, NOFILE 65536, AS infinity
load average:4.07 2.79 2.65

/proc/meminfo:
MemTotal:       16323820 kB
MemFree:         1225384 kB
MemAvailable:    3313024 kB
Buffers:          192548 kB
Cached:          3297388 kB
SwapCached:         1940 kB
Active:         12392032 kB
Inactive:        2053684 kB
Active(anon):   10907948 kB
Inactive(anon):  1442444 kB
Active(file):    1484084 kB
Inactive(file):   611240 kB
Unevictable:         260 kB
Mlocked:             260 kB
SwapTotal:      16668668 kB
SwapFree:       16556440 kB
Dirty:             84752 kB
Writeback:             0 kB
AnonPages:      10950776 kB
Mapped:           872932 kB
Shmem:           1394612 kB
Slab:             410316 kB
SReclaimable:     334856 kB
SUnreclaim:        75460 kB
KernelStack:       20048 kB
PageTables:        88232 kB
NFS_Unstable:          0 kB
Bounce:                0 kB
WritebackTmp:          0 kB
CommitLimit:    24830576 kB
Committed_AS:   20123164 kB
VmallocTotal:   34359738367 kB
VmallocUsed:           0 kB
VmallocChunk:          0 kB
HardwareCorrupted:     0 kB
AnonHugePages:   6656000 kB
ShmemHugePages:        0 kB
ShmemPmdMapped:        0 kB
CmaTotal:              0 kB
CmaFree:               0 kB
HugePages_Total:       0
HugePages_Free:        0
HugePages_Rsvd:        0
HugePages_Surp:        0
Hugepagesize:       2048 kB
DirectMap4k:      332100 kB
DirectMap2M:    15288320 kB
DirectMap1G:     2097152 kB


CPU:total 4 (2 cores per cpu, 2 threads per core) family 6 model 78 stepping 3, cmov, cx8, fxsr, mmx, sse, sse2, sse3, ssse3, sse4.1, sse4.2, popcnt, avx, avx2, aes, clmul, erms, 3dnowpref, lzcnt, ht, tsc, tscinvbit, bmi1, bmi2, adx

/proc/cpuinfo:
processor	: 0
vendor_id	: GenuineIntel
cpu family	: 6
model		: 78
model name	: Intel(R) Core(TM) i7-6500U CPU @ 2.50GHz
stepping	: 3
microcode	: 0x9e
cpu MHz		: 2999.902
cache size	: 4096 KB
physical id	: 0
siblings	: 4
core id		: 0
cpu cores	: 2
apicid		: 0
initial apicid	: 0
fpu		: yes
fpu_exception	: yes
cpuid level	: 22
wp		: yes
flags		: fpu vme de pse tsc msr pae mce cx8 apic sep mtrr pge mca cmov pat pse36 clflush dts acpi mmx fxsr sse sse2 ss ht tm pbe syscall nx pdpe1gb rdtscp lm constant_tsc art arch_perfmon pebs bts rep_good nopl xtopology nonstop_tsc aperfmperf eagerfpu pni pclmulqdq dtes64 monitor ds_cpl vmx est tm2 ssse3 sdbg fma cx16 xtpr pdcm pcid sse4_1 sse4_2 x2apic movbe popcnt tsc_deadline_timer aes xsave avx f16c rdrand lahf_lm abm 3dnowprefetch epb intel_pt tpr_shadow vnmi flexpriority ept vpid fsgsbase tsc_adjust bmi1 avx2 smep bmi2 erms invpcid mpx rdseed adx smap clflushopt xsaveopt xsavec xgetbv1 xsaves dtherm ida arat pln pts hwp hwp_notify hwp_act_window hwp_epp
bugs		:
bogomips	: 5184.00
clflush size	: 64
cache_alignment	: 64
address sizes	: 39 bits physical, 48 bits virtual
power management:

processor	: 1
vendor_id	: GenuineIntel
cpu family	: 6
model		: 78
model name	: Intel(R) Core(TM) i7-6500U CPU @ 2.50GHz
stepping	: 3
microcode	: 0x9e
cpu MHz		: 2999.902
cache size	: 4096 KB
physical id	: 0
siblings	: 4
core id		: 1
cpu cores	: 2
apicid		: 2
initial apicid	: 2
fpu		: yes
fpu_exception	: yes
cpuid level	: 22
wp		: yes
flags		: fpu vme de pse tsc msr pae mce cx8 apic sep mtrr pge mca cmov pat pse36 clflush dts acpi mmx fxsr sse sse2 ss ht tm pbe syscall nx pdpe1gb rdtscp lm constant_tsc art arch_perfmon pebs bts rep_good nopl xtopology nonstop_tsc aperfmperf eagerfpu pni pclmulqdq dtes64 monitor ds_cpl vmx est tm2 ssse3 sdbg fma cx16 xtpr pdcm pcid sse4_1 sse4_2 x2apic movbe popcnt tsc_deadline_timer aes xsave avx f16c rdrand lahf_lm abm 3dnowprefetch epb intel_pt tpr_shadow vnmi flexpriority ept vpid fsgsbase tsc_adjust bmi1 avx2 smep bmi2 erms invpcid mpx rdseed adx smap clflushopt xsaveopt xsavec xgetbv1 xsaves dtherm ida arat pln pts hwp hwp_notify hwp_act_window hwp_epp
bugs		:
bogomips	: 5184.00
clflush size	: 64
cache_alignment	: 64
address sizes	: 39 bits physical, 48 bits virtual
power management:

processor	: 2
vendor_id	: GenuineIntel
cpu family	: 6
model		: 78
model name	: Intel(R) Core(TM) i7-6500U CPU @ 2.50GHz
stepping	: 3
microcode	: 0x9e
cpu MHz		: 2999.902
cache size	: 4096 KB
physical id	: 0
siblings	: 4
core id		: 0
cpu cores	: 2
apicid		: 1
initial apicid	: 1
fpu		: yes
fpu_exception	: yes
cpuid level	: 22
wp		: yes
flags		: fpu vme de pse tsc msr pae mce cx8 apic sep mtrr pge mca cmov pat pse36 clflush dts acpi mmx fxsr sse sse2 ss ht tm pbe syscall nx pdpe1gb rdtscp lm constant_tsc art arch_perfmon pebs bts rep_good nopl xtopology nonstop_tsc aperfmperf eagerfpu pni pclmulqdq dtes64 monitor ds_cpl vmx est tm2 ssse3 sdbg fma cx16 xtpr pdcm pcid sse4_1 sse4_2 x2apic movbe popcnt tsc_deadline_timer aes xsave avx f16c rdrand lahf_lm abm 3dnowprefetch epb intel_pt tpr_shadow vnmi flexpriority ept vpid fsgsbase tsc_adjust bmi1 avx2 smep bmi2 erms invpcid mpx rdseed adx smap clflushopt xsaveopt xsavec xgetbv1 xsaves dtherm ida arat pln pts hwp hwp_notify hwp_act_window hwp_epp
bugs		:
bogomips	: 5184.00
clflush size	: 64
cache_alignment	: 64
address sizes	: 39 bits physical, 48 bits virtual
power management:

processor	: 3
vendor_id	: GenuineIntel
cpu family	: 6
model		: 78
model name	: Intel(R) Core(TM) i7-6500U CPU @ 2.50GHz
stepping	: 3
microcode	: 0x9e
cpu MHz		: 2999.902
cache size	: 4096 KB
physical id	: 0
siblings	: 4
core id		: 1
cpu cores	: 2
apicid		: 3
initial apicid	: 3
fpu		: yes
fpu_exception	: yes
cpuid level	: 22
wp		: yes
flags		: fpu vme de pse tsc msr pae mce cx8 apic sep mtrr pge mca cmov pat pse36 clflush dts acpi mmx fxsr sse sse2 ss ht tm pbe syscall nx pdpe1gb rdtscp lm constant_tsc art arch_perfmon pebs bts rep_good nopl xtopology nonstop_tsc aperfmperf eagerfpu pni pclmulqdq dtes64 monitor ds_cpl vmx est tm2 ssse3 sdbg fma cx16 xtpr pdcm pcid sse4_1 sse4_2 x2apic movbe popcnt tsc_deadline_timer aes xsave avx f16c rdrand lahf_lm abm 3dnowprefetch epb intel_pt tpr_shadow vnmi flexpriority ept vpid fsgsbase tsc_adjust bmi1 avx2 smep bmi2 erms invpcid mpx rdseed adx smap clflushopt xsaveopt xsavec xgetbv1 xsaves dtherm ida arat pln pts hwp hwp_notify hwp_act_window hwp_epp
bugs		:
bogomips	: 5184.00
clflush size	: 64
cache_alignment	: 64
address sizes	: 39 bits physical, 48 bits virtual
power management:



Memory: 4k page, physical 16323820k(1225384k free), swap 16668668k(16556440k free)

vm_info: Java HotSpot(TM) 64-Bit Server VM (25.102-b14) for linux-amd64 JRE (1.8.0_102-b14), built on Jun 22 2016 18:43:17 by "java_re" with gcc 4.3.0 20080428 (Red Hat 4.3.0-8)

time: Wed Apr 19 11:40:20 2017
elapsed time: 6 seconds (0d 0h 0m 6s)

